The system is: Darwin - 18.0.0 - x86_64
Compiling the C compiler identification source file "CMakeCCompilerId.c" succeeded.
Compiler: /Library/Developer/CommandLineTools/usr/bin/cc 
Build flags: 
Id flags:  

The output was:
0


Compilation of the C compiler identification source "CMakeCCompilerId.c" produced "a.out"

The C compiler identification is AppleClang, found in "/Users/stevenbaer/dev/github/mcneel/rhino3dm/src/build/py27_64bit/CMakeFiles/3.12.2/CompilerIdC/a.out"

Compiling the CXX compiler identification source file "CMakeCXXCompilerId.cpp" succeeded.
Compiler: /Library/Developer/CommandLineTools/usr/bin/c++ 
Build flags: 
Id flags:  

The output was:
0


Compilation of the CXX compiler identification source "CMakeCXXCompilerId.cpp" produced "a.out"

The CXX compiler identification is AppleClang, found in "/Users/stevenbaer/dev/github/mcneel/rhino3dm/src/build/py27_64bit/CMakeFiles/3.12.2/CompilerIdCXX/a.out"

Determining if the C compiler works passed with the following output:
Change Dir: /Users/stevenbaer/dev/github/mcneel/rhino3dm/src/build/py27_64bit/CMakeFiles/CMakeTmp

Run Build Command:"/usr/bin/make" "cmTC_3e53c/fast"
/Library/Developer/CommandLineTools/usr/bin/make -f CMakeFiles/cmTC_3e53c.dir/build.make CMakeFiles/cmTC_3e53c.dir/build
Building C object CMakeFiles/cmTC_3e53c.dir/testCCompiler.c.o
/Library/Developer/CommandLineTools/usr/bin/cc    -o CMakeFiles/cmTC_3e53c.dir/testCCompiler.c.o   -c /Users/stevenbaer/dev/github/mcneel/rhino3dm/src/build/py27_64bit/CMakeFiles/CMakeTmp/testCCompiler.c
Linking C executable cmTC_3e53c
/usr/local/Cellar/cmake/3.12.2/bin/cmake -E cmake_link_script CMakeFiles/cmTC_3e53c.dir/link.txt --verbose=1
/Library/Developer/CommandLineTools/usr/bin/cc   -Wl,-search_paths_first -Wl,-headerpad_max_install_names   CMakeFiles/cmTC_3e53c.dir/testCCompiler.c.o  -o cmTC_3e53c 


Detecting C compiler ABI info compiled with the following output:
Change Dir: /Users/stevenbaer/dev/github/mcneel/rhino3dm/src/build/py27_64bit/CMakeFiles/CMakeTmp

Run Build Command:"/usr/bin/make" "cmTC_2d273/fast"
/Library/Developer/CommandLineTools/usr/bin/make -f CMakeFiles/cmTC_2d273.dir/build.make CMakeFiles/cmTC_2d273.dir/build
Building C object CMakeFiles/cmTC_2d273.dir/CMakeCCompilerABI.c.o
/Library/Developer/CommandLineTools/usr/bin/cc    -o CMakeFiles/cmTC_2d273.dir/CMakeCCompilerABI.c.o   -c /usr/local/Cellar/cmake/3.12.2/share/cmake/Modules/CMakeCCompilerABI.c
Linking C executable cmTC_2d273
/usr/local/Cellar/cmake/3.12.2/bin/cmake -E cmake_link_script CMakeFiles/cmTC_2d273.dir/link.txt --verbose=1
/Library/Developer/CommandLineTools/usr/bin/cc   -Wl,-search_paths_first -Wl,-headerpad_max_install_names  -v -Wl,-v CMakeFiles/cmTC_2d273.dir/CMakeCCompilerABI.c.o  -o cmTC_2d273 
Apple LLVM version 10.0.0 (clang-1000.10.44.2)
Target: x86_64-apple-darwin18.0.0
Thread model: posix
InstalledDir: /Library/Developer/CommandLineTools/usr/bin
 "/Library/Developer/CommandLineTools/usr/bin/ld" -demangle -lto_library /Library/Developer/CommandLineTools/usr/lib/libLTO.dylib -dynamic -arch x86_64 -macosx_version_min 10.14.0 -o cmTC_2d273 -search_paths_first -headerpad_max_install_names -v CMakeFiles/cmTC_2d273.dir/CMakeCCompilerABI.c.o -lSystem /Library/Developer/CommandLineTools/usr/lib/clang/10.0.0/lib/darwin/libclang_rt.osx.a
@(#)PROGRAM:ld  PROJECT:ld64-409.12
BUILD 02:04:28 Aug 14 2018
configured to support archs: armv6 armv7 armv7s arm64 i386 x86_64 x86_64h armv6m armv7k armv7m armv7em
Library search paths:
	/usr/lib
	/usr/local/lib
Framework search paths:
	/Library/Frameworks/
	/System/Library/Frameworks/


Parsed C implicit link information from above output:
  link line regex: [^( *|.*[/\])(ld|CMAKE_LINK_STARTFILE-NOTFOUND|([^/\]+-)?ld|collect2)[^/\]*( |$)]
  ignore line: [Change Dir: /Users/stevenbaer/dev/github/mcneel/rhino3dm/src/build/py27_64bit/CMakeFiles/CMakeTmp]
  ignore line: []
  ignore line: [Run Build Command:"/usr/bin/make" "cmTC_2d273/fast"]
  ignore line: [/Library/Developer/CommandLineTools/usr/bin/make -f CMakeFiles/cmTC_2d273.dir/build.make CMakeFiles/cmTC_2d273.dir/build]
  ignore line: [Building C object CMakeFiles/cmTC_2d273.dir/CMakeCCompilerABI.c.o]
  ignore line: [/Library/Developer/CommandLineTools/usr/bin/cc    -o CMakeFiles/cmTC_2d273.dir/CMakeCCompilerABI.c.o   -c /usr/local/Cellar/cmake/3.12.2/share/cmake/Modules/CMakeCCompilerABI.c]
  ignore line: [Linking C executable cmTC_2d273]
  ignore line: [/usr/local/Cellar/cmake/3.12.2/bin/cmake -E cmake_link_script CMakeFiles/cmTC_2d273.dir/link.txt --verbose=1]
  ignore line: [/Library/Developer/CommandLineTools/usr/bin/cc   -Wl,-search_paths_first -Wl,-headerpad_max_install_names  -v -Wl,-v CMakeFiles/cmTC_2d273.dir/CMakeCCompilerABI.c.o  -o cmTC_2d273 ]
  ignore line: [Apple LLVM version 10.0.0 (clang-1000.10.44.2)]
  ignore line: [Target: x86_64-apple-darwin18.0.0]
  ignore line: [Thread model: posix]
  ignore line: [InstalledDir: /Library/Developer/CommandLineTools/usr/bin]
  link line: [ "/Library/Developer/CommandLineTools/usr/bin/ld" -demangle -lto_library /Library/Developer/CommandLineTools/usr/lib/libLTO.dylib -dynamic -arch x86_64 -macosx_version_min 10.14.0 -o cmTC_2d273 -search_paths_first -headerpad_max_install_names -v CMakeFiles/cmTC_2d273.dir/CMakeCCompilerABI.c.o -lSystem /Library/Developer/CommandLineTools/usr/lib/clang/10.0.0/lib/darwin/libclang_rt.osx.a]
    arg [/Library/Developer/CommandLineTools/usr/bin/ld] ==> ignore
    arg [-demangle] ==> ignore
    arg [-lto_library] ==> ignore, skip following value
    arg [/Library/Developer/CommandLineTools/usr/lib/libLTO.dylib] ==> skip value of -lto_library
    arg [-dynamic] ==> ignore
    arg [-arch] ==> ignore
    arg [x86_64] ==> ignore
    arg [-macosx_version_min] ==> ignore
    arg [10.14.0] ==> ignore
    arg [-o] ==> ignore
    arg [cmTC_2d273] ==> ignore
    arg [-search_paths_first] ==> ignore
    arg [-headerpad_max_install_names] ==> ignore
    arg [-v] ==> ignore
    arg [CMakeFiles/cmTC_2d273.dir/CMakeCCompilerABI.c.o] ==> ignore
    arg [-lSystem] ==> lib [System]
    arg [/Library/Developer/CommandLineTools/usr/lib/clang/10.0.0/lib/darwin/libclang_rt.osx.a] ==> lib [/Library/Developer/CommandLineTools/usr/lib/clang/10.0.0/lib/darwin/libclang_rt.osx.a]
  Library search paths: [;/usr/lib;/usr/local/lib]
  Framework search paths: [;/Library/Frameworks/;/System/Library/Frameworks/]
  remove lib [System]
  remove lib [/Library/Developer/CommandLineTools/usr/lib/clang/10.0.0/lib/darwin/libclang_rt.osx.a]
  collapse library dir [/usr/lib] ==> [/usr/lib]
  collapse library dir [/usr/local/lib] ==> [/usr/local/lib]
  collapse framework dir [/Library/Frameworks/] ==> [/Library/Frameworks]
  collapse framework dir [/System/Library/Frameworks/] ==> [/System/Library/Frameworks]
  implicit libs: []
  implicit dirs: [/usr/lib;/usr/local/lib]
  implicit fwks: [/Library/Frameworks;/System/Library/Frameworks]




Detecting C [-std=c11] compiler features compiled with the following output:
Change Dir: /Users/stevenbaer/dev/github/mcneel/rhino3dm/src/build/py27_64bit/CMakeFiles/CMakeTmp

Run Build Command:"/usr/bin/make" "cmTC_9a815/fast"
/Library/Developer/CommandLineTools/usr/bin/make -f CMakeFiles/cmTC_9a815.dir/build.make CMakeFiles/cmTC_9a815.dir/build
Building C object CMakeFiles/cmTC_9a815.dir/feature_tests.c.o
/Library/Developer/CommandLineTools/usr/bin/cc   -std=c11 -o CMakeFiles/cmTC_9a815.dir/feature_tests.c.o   -c /Users/stevenbaer/dev/github/mcneel/rhino3dm/src/build/py27_64bit/CMakeFiles/feature_tests.c
Linking C executable cmTC_9a815
/usr/local/Cellar/cmake/3.12.2/bin/cmake -E cmake_link_script CMakeFiles/cmTC_9a815.dir/link.txt --verbose=1
/Library/Developer/CommandLineTools/usr/bin/cc   -Wl,-search_paths_first -Wl,-headerpad_max_install_names   CMakeFiles/cmTC_9a815.dir/feature_tests.c.o  -o cmTC_9a815 


    Feature record: C_FEATURE:1c_function_prototypes
    Feature record: C_FEATURE:1c_restrict
    Feature record: C_FEATURE:1c_static_assert
    Feature record: C_FEATURE:1c_variadic_macros


Detecting C [-std=c99] compiler features compiled with the following output:
Change Dir: /Users/stevenbaer/dev/github/mcneel/rhino3dm/src/build/py27_64bit/CMakeFiles/CMakeTmp

Run Build Command:"/usr/bin/make" "cmTC_6f23d/fast"
/Library/Developer/CommandLineTools/usr/bin/make -f CMakeFiles/cmTC_6f23d.dir/build.make CMakeFiles/cmTC_6f23d.dir/build
Building C object CMakeFiles/cmTC_6f23d.dir/feature_tests.c.o
/Library/Developer/CommandLineTools/usr/bin/cc   -std=c99 -o CMakeFiles/cmTC_6f23d.dir/feature_tests.c.o   -c /Users/stevenbaer/dev/github/mcneel/rhino3dm/src/build/py27_64bit/CMakeFiles/feature_tests.c
Linking C executable cmTC_6f23d
/usr/local/Cellar/cmake/3.12.2/bin/cmake -E cmake_link_script CMakeFiles/cmTC_6f23d.dir/link.txt --verbose=1
/Library/Developer/CommandLineTools/usr/bin/cc   -Wl,-search_paths_first -Wl,-headerpad_max_install_names   CMakeFiles/cmTC_6f23d.dir/feature_tests.c.o  -o cmTC_6f23d 


    Feature record: C_FEATURE:1c_function_prototypes
    Feature record: C_FEATURE:1c_restrict
    Feature record: C_FEATURE:0c_static_assert
    Feature record: C_FEATURE:1c_variadic_macros


Detecting C [-std=c90] compiler features compiled with the following output:
Change Dir: /Users/stevenbaer/dev/github/mcneel/rhino3dm/src/build/py27_64bit/CMakeFiles/CMakeTmp

Run Build Command:"/usr/bin/make" "cmTC_37a53/fast"
/Library/Developer/CommandLineTools/usr/bin/make -f CMakeFiles/cmTC_37a53.dir/build.make CMakeFiles/cmTC_37a53.dir/build
Building C object CMakeFiles/cmTC_37a53.dir/feature_tests.c.o
/Library/Developer/CommandLineTools/usr/bin/cc   -std=c90 -o CMakeFiles/cmTC_37a53.dir/feature_tests.c.o   -c /Users/stevenbaer/dev/github/mcneel/rhino3dm/src/build/py27_64bit/CMakeFiles/feature_tests.c
Linking C executable cmTC_37a53
/usr/local/Cellar/cmake/3.12.2/bin/cmake -E cmake_link_script CMakeFiles/cmTC_37a53.dir/link.txt --verbose=1
/Library/Developer/CommandLineTools/usr/bin/cc   -Wl,-search_paths_first -Wl,-headerpad_max_install_names   CMakeFiles/cmTC_37a53.dir/feature_tests.c.o  -o cmTC_37a53 


    Feature record: C_FEATURE:1c_function_prototypes
    Feature record: C_FEATURE:0c_restrict
    Feature record: C_FEATURE:0c_static_assert
    Feature record: C_FEATURE:0c_variadic_macros
Determining if the CXX compiler works passed with the following output:
Change Dir: /Users/stevenbaer/dev/github/mcneel/rhino3dm/src/build/py27_64bit/CMakeFiles/CMakeTmp

Run Build Command:"/usr/bin/make" "cmTC_43d0d/fast"
/Library/Developer/CommandLineTools/usr/bin/make -f CMakeFiles/cmTC_43d0d.dir/build.make CMakeFiles/cmTC_43d0d.dir/build
Building CXX object CMakeFiles/cmTC_43d0d.dir/testCXXCompiler.cxx.o
/Library/Developer/CommandLineTools/usr/bin/c++     -o CMakeFiles/cmTC_43d0d.dir/testCXXCompiler.cxx.o -c /Users/stevenbaer/dev/github/mcneel/rhino3dm/src/build/py27_64bit/CMakeFiles/CMakeTmp/testCXXCompiler.cxx
Linking CXX executable cmTC_43d0d
/usr/local/Cellar/cmake/3.12.2/bin/cmake -E cmake_link_script CMakeFiles/cmTC_43d0d.dir/link.txt --verbose=1
/Library/Developer/CommandLineTools/usr/bin/c++    -Wl,-search_paths_first -Wl,-headerpad_max_install_names   CMakeFiles/cmTC_43d0d.dir/testCXXCompiler.cxx.o  -o cmTC_43d0d 


Detecting CXX compiler ABI info compiled with the following output:
Change Dir: /Users/stevenbaer/dev/github/mcneel/rhino3dm/src/build/py27_64bit/CMakeFiles/CMakeTmp

Run Build Command:"/usr/bin/make" "cmTC_116fd/fast"
/Library/Developer/CommandLineTools/usr/bin/make -f CMakeFiles/cmTC_116fd.dir/build.make CMakeFiles/cmTC_116fd.dir/build
Building CXX object CMakeFiles/cmTC_116fd.dir/CMakeCXXCompilerABI.cpp.o
/Library/Developer/CommandLineTools/usr/bin/c++     -o CMakeFiles/cmTC_116fd.dir/CMakeCXXCompilerABI.cpp.o -c /usr/local/Cellar/cmake/3.12.2/share/cmake/Modules/CMakeCXXCompilerABI.cpp
Linking CXX executable cmTC_116fd
/usr/local/Cellar/cmake/3.12.2/bin/cmake -E cmake_link_script CMakeFiles/cmTC_116fd.dir/link.txt --verbose=1
/Library/Developer/CommandLineTools/usr/bin/c++    -Wl,-search_paths_first -Wl,-headerpad_max_install_names  -v -Wl,-v CMakeFiles/cmTC_116fd.dir/CMakeCXXCompilerABI.cpp.o  -o cmTC_116fd 
Apple LLVM version 10.0.0 (clang-1000.10.44.2)
Target: x86_64-apple-darwin18.0.0
Thread model: posix
InstalledDir: /Library/Developer/CommandLineTools/usr/bin
 "/Library/Developer/CommandLineTools/usr/bin/ld" -demangle -lto_library /Library/Developer/CommandLineTools/usr/lib/libLTO.dylib -dynamic -arch x86_64 -macosx_version_min 10.14.0 -o cmTC_116fd -search_paths_first -headerpad_max_install_names -v CMakeFiles/cmTC_116fd.dir/CMakeCXXCompilerABI.cpp.o -lc++ -lSystem /Library/Developer/CommandLineTools/usr/lib/clang/10.0.0/lib/darwin/libclang_rt.osx.a
@(#)PROGRAM:ld  PROJECT:ld64-409.12
BUILD 02:04:28 Aug 14 2018
configured to support archs: armv6 armv7 armv7s arm64 i386 x86_64 x86_64h armv6m armv7k armv7m armv7em
Library search paths:
	/usr/lib
	/usr/local/lib
Framework search paths:
	/Library/Frameworks/
	/System/Library/Frameworks/


Parsed CXX implicit link information from above output:
  link line regex: [^( *|.*[/\])(ld|CMAKE_LINK_STARTFILE-NOTFOUND|([^/\]+-)?ld|collect2)[^/\]*( |$)]
  ignore line: [Change Dir: /Users/stevenbaer/dev/github/mcneel/rhino3dm/src/build/py27_64bit/CMakeFiles/CMakeTmp]
  ignore line: []
  ignore line: [Run Build Command:"/usr/bin/make" "cmTC_116fd/fast"]
  ignore line: [/Library/Developer/CommandLineTools/usr/bin/make -f CMakeFiles/cmTC_116fd.dir/build.make CMakeFiles/cmTC_116fd.dir/build]
  ignore line: [Building CXX object CMakeFiles/cmTC_116fd.dir/CMakeCXXCompilerABI.cpp.o]
  ignore line: [/Library/Developer/CommandLineTools/usr/bin/c++     -o CMakeFiles/cmTC_116fd.dir/CMakeCXXCompilerABI.cpp.o -c /usr/local/Cellar/cmake/3.12.2/share/cmake/Modules/CMakeCXXCompilerABI.cpp]
  ignore line: [Linking CXX executable cmTC_116fd]
  ignore line: [/usr/local/Cellar/cmake/3.12.2/bin/cmake -E cmake_link_script CMakeFiles/cmTC_116fd.dir/link.txt --verbose=1]
  ignore line: [/Library/Developer/CommandLineTools/usr/bin/c++    -Wl,-search_paths_first -Wl,-headerpad_max_install_names  -v -Wl,-v CMakeFiles/cmTC_116fd.dir/CMakeCXXCompilerABI.cpp.o  -o cmTC_116fd ]
  ignore line: [Apple LLVM version 10.0.0 (clang-1000.10.44.2)]
  ignore line: [Target: x86_64-apple-darwin18.0.0]
  ignore line: [Thread model: posix]
  ignore line: [InstalledDir: /Library/Developer/CommandLineTools/usr/bin]
  link line: [ "/Library/Developer/CommandLineTools/usr/bin/ld" -demangle -lto_library /Library/Developer/CommandLineTools/usr/lib/libLTO.dylib -dynamic -arch x86_64 -macosx_version_min 10.14.0 -o cmTC_116fd -search_paths_first -headerpad_max_install_names -v CMakeFiles/cmTC_116fd.dir/CMakeCXXCompilerABI.cpp.o -lc++ -lSystem /Library/Developer/CommandLineTools/usr/lib/clang/10.0.0/lib/darwin/libclang_rt.osx.a]
    arg [/Library/Developer/CommandLineTools/usr/bin/ld] ==> ignore
    arg [-demangle] ==> ignore
    arg [-lto_library] ==> ignore, skip following value
    arg [/Library/Developer/CommandLineTools/usr/lib/libLTO.dylib] ==> skip value of -lto_library
    arg [-dynamic] ==> ignore
    arg [-arch] ==> ignore
    arg [x86_64] ==> ignore
    arg [-macosx_version_min] ==> ignore
    arg [10.14.0] ==> ignore
    arg [-o] ==> ignore
    arg [cmTC_116fd] ==> ignore
    arg [-search_paths_first] ==> ignore
    arg [-headerpad_max_install_names] ==> ignore
    arg [-v] ==> ignore
    arg [CMakeFiles/cmTC_116fd.dir/CMakeCXXCompilerABI.cpp.o] ==> ignore
    arg [-lc++] ==> lib [c++]
    arg [-lSystem] ==> lib [System]
    arg [/Library/Developer/CommandLineTools/usr/lib/clang/10.0.0/lib/darwin/libclang_rt.osx.a] ==> lib [/Library/Developer/CommandLineTools/usr/lib/clang/10.0.0/lib/darwin/libclang_rt.osx.a]
  Library search paths: [;/usr/lib;/usr/local/lib]
  Framework search paths: [;/Library/Frameworks/;/System/Library/Frameworks/]
  remove lib [System]
  remove lib [/Library/Developer/CommandLineTools/usr/lib/clang/10.0.0/lib/darwin/libclang_rt.osx.a]
  collapse library dir [/usr/lib] ==> [/usr/lib]
  collapse library dir [/usr/local/lib] ==> [/usr/local/lib]
  collapse framework dir [/Library/Frameworks/] ==> [/Library/Frameworks]
  collapse framework dir [/System/Library/Frameworks/] ==> [/System/Library/Frameworks]
  implicit libs: [c++]
  implicit dirs: [/usr/lib;/usr/local/lib]
  implicit fwks: [/Library/Frameworks;/System/Library/Frameworks]




Detecting CXX [-std=c++1z] compiler features compiled with the following output:
Change Dir: /Users/stevenbaer/dev/github/mcneel/rhino3dm/src/build/py27_64bit/CMakeFiles/CMakeTmp

Run Build Command:"/usr/bin/make" "cmTC_a1b83/fast"
/Library/Developer/CommandLineTools/usr/bin/make -f CMakeFiles/cmTC_a1b83.dir/build.make CMakeFiles/cmTC_a1b83.dir/build
Building CXX object CMakeFiles/cmTC_a1b83.dir/feature_tests.cxx.o
/Library/Developer/CommandLineTools/usr/bin/c++    -std=c++1z -o CMakeFiles/cmTC_a1b83.dir/feature_tests.cxx.o -c /Users/stevenbaer/dev/github/mcneel/rhino3dm/src/build/py27_64bit/CMakeFiles/feature_tests.cxx
Linking CXX executable cmTC_a1b83
/usr/local/Cellar/cmake/3.12.2/bin/cmake -E cmake_link_script CMakeFiles/cmTC_a1b83.dir/link.txt --verbose=1
/Library/Developer/CommandLineTools/usr/bin/c++    -Wl,-search_paths_first -Wl,-headerpad_max_install_names   CMakeFiles/cmTC_a1b83.dir/feature_tests.cxx.o  -o cmTC_a1b83 


    Feature record: CXX_FEATURE:1cxx_aggregate_default_initializers
    Feature record: CXX_FEATURE:1cxx_alias_templates
    Feature record: CXX_FEATURE:1cxx_alignas
    Feature record: CXX_FEATURE:1cxx_alignof
    Feature record: CXX_FEATURE:1cxx_attributes
    Feature record: CXX_FEATURE:1cxx_attribute_deprecated
    Feature record: CXX_FEATURE:1cxx_auto_type
    Feature record: CXX_FEATURE:1cxx_binary_literals
    Feature record: CXX_FEATURE:1cxx_constexpr
    Feature record: CXX_FEATURE:1cxx_contextual_conversions
    Feature record: CXX_FEATURE:1cxx_decltype
    Feature record: CXX_FEATURE:1cxx_decltype_auto
    Feature record: CXX_FEATURE:1cxx_decltype_incomplete_return_types
    Feature record: CXX_FEATURE:1cxx_default_function_template_args
    Feature record: CXX_FEATURE:1cxx_defaulted_functions
    Feature record: CXX_FEATURE:1cxx_defaulted_move_initializers
    Feature record: CXX_FEATURE:1cxx_delegating_constructors
    Feature record: CXX_FEATURE:1cxx_deleted_functions
    Feature record: CXX_FEATURE:1cxx_digit_separators
    Feature record: CXX_FEATURE:1cxx_enum_forward_declarations
    Feature record: CXX_FEATURE:1cxx_explicit_conversions
    Feature record: CXX_FEATURE:1cxx_extended_friend_declarations
    Feature record: CXX_FEATURE:1cxx_extern_templates
    Feature record: CXX_FEATURE:1cxx_final
    Feature record: CXX_FEATURE:1cxx_func_identifier
    Feature record: CXX_FEATURE:1cxx_generalized_initializers
    Feature record: CXX_FEATURE:1cxx_generic_lambdas
    Feature record: CXX_FEATURE:1cxx_inheriting_constructors
    Feature record: CXX_FEATURE:1cxx_inline_namespaces
    Feature record: CXX_FEATURE:1cxx_lambdas
    Feature record: CXX_FEATURE:1cxx_lambda_init_captures
    Feature record: CXX_FEATURE:1cxx_local_type_template_args
    Feature record: CXX_FEATURE:1cxx_long_long_type
    Feature record: CXX_FEATURE:1cxx_noexcept
    Feature record: CXX_FEATURE:1cxx_nonstatic_member_init
    Feature record: CXX_FEATURE:1cxx_nullptr
    Feature record: CXX_FEATURE:1cxx_override
    Feature record: CXX_FEATURE:1cxx_range_for
    Feature record: CXX_FEATURE:1cxx_raw_string_literals
    Feature record: CXX_FEATURE:1cxx_reference_qualified_functions
    Feature record: CXX_FEATURE:1cxx_relaxed_constexpr
    Feature record: CXX_FEATURE:1cxx_return_type_deduction
    Feature record: CXX_FEATURE:1cxx_right_angle_brackets
    Feature record: CXX_FEATURE:1cxx_rvalue_references
    Feature record: CXX_FEATURE:1cxx_sizeof_member
    Feature record: CXX_FEATURE:1cxx_static_assert
    Feature record: CXX_FEATURE:1cxx_strong_enums
    Feature record: CXX_FEATURE:1cxx_template_template_parameters
    Feature record: CXX_FEATURE:1cxx_thread_local
    Feature record: CXX_FEATURE:1cxx_trailing_return_types
    Feature record: CXX_FEATURE:1cxx_unicode_literals
    Feature record: CXX_FEATURE:1cxx_uniform_initialization
    Feature record: CXX_FEATURE:1cxx_unrestricted_unions
    Feature record: CXX_FEATURE:1cxx_user_literals
    Feature record: CXX_FEATURE:1cxx_variable_templates
    Feature record: CXX_FEATURE:1cxx_variadic_macros
    Feature record: CXX_FEATURE:1cxx_variadic_templates


Detecting CXX [-std=c++14] compiler features compiled with the following output:
Change Dir: /Users/stevenbaer/dev/github/mcneel/rhino3dm/src/build/py27_64bit/CMakeFiles/CMakeTmp

Run Build Command:"/usr/bin/make" "cmTC_59513/fast"
/Library/Developer/CommandLineTools/usr/bin/make -f CMakeFiles/cmTC_59513.dir/build.make CMakeFiles/cmTC_59513.dir/build
Building CXX object CMakeFiles/cmTC_59513.dir/feature_tests.cxx.o
/Library/Developer/CommandLineTools/usr/bin/c++    -std=c++14 -o CMakeFiles/cmTC_59513.dir/feature_tests.cxx.o -c /Users/stevenbaer/dev/github/mcneel/rhino3dm/src/build/py27_64bit/CMakeFiles/feature_tests.cxx
Linking CXX executable cmTC_59513
/usr/local/Cellar/cmake/3.12.2/bin/cmake -E cmake_link_script CMakeFiles/cmTC_59513.dir/link.txt --verbose=1
/Library/Developer/CommandLineTools/usr/bin/c++    -Wl,-search_paths_first -Wl,-headerpad_max_install_names   CMakeFiles/cmTC_59513.dir/feature_tests.cxx.o  -o cmTC_59513 


    Feature record: CXX_FEATURE:1cxx_aggregate_default_initializers
    Feature record: CXX_FEATURE:1cxx_alias_templates
    Feature record: CXX_FEATURE:1cxx_alignas
    Feature record: CXX_FEATURE:1cxx_alignof
    Feature record: CXX_FEATURE:1cxx_attributes
    Feature record: CXX_FEATURE:1cxx_attribute_deprecated
    Feature record: CXX_FEATURE:1cxx_auto_type
    Feature record: CXX_FEATURE:1cxx_binary_literals
    Feature record: CXX_FEATURE:1cxx_constexpr
    Feature record: CXX_FEATURE:1cxx_contextual_conversions
    Feature record: CXX_FEATURE:1cxx_decltype
    Feature record: CXX_FEATURE:1cxx_decltype_auto
    Feature record: CXX_FEATURE:1cxx_decltype_incomplete_return_types
    Feature record: CXX_FEATURE:1cxx_default_function_template_args
    Feature record: CXX_FEATURE:1cxx_defaulted_functions
    Feature record: CXX_FEATURE:1cxx_defaulted_move_initializers
    Feature record: CXX_FEATURE:1cxx_delegating_constructors
    Feature record: CXX_FEATURE:1cxx_deleted_functions
    Feature record: CXX_FEATURE:1cxx_digit_separators
    Feature record: CXX_FEATURE:1cxx_enum_forward_declarations
    Feature record: CXX_FEATURE:1cxx_explicit_conversions
    Feature record: CXX_FEATURE:1cxx_extended_friend_declarations
    Feature record: CXX_FEATURE:1cxx_extern_templates
    Feature record: CXX_FEATURE:1cxx_final
    Feature record: CXX_FEATURE:1cxx_func_identifier
    Feature record: CXX_FEATURE:1cxx_generalized_initializers
    Feature record: CXX_FEATURE:1cxx_generic_lambdas
    Feature record: CXX_FEATURE:1cxx_inheriting_constructors
    Feature record: CXX_FEATURE:1cxx_inline_namespaces
    Feature record: CXX_FEATURE:1cxx_lambdas
    Feature record: CXX_FEATURE:1cxx_lambda_init_captures
    Feature record: CXX_FEATURE:1cxx_local_type_template_args
    Feature record: CXX_FEATURE:1cxx_long_long_type
    Feature record: CXX_FEATURE:1cxx_noexcept
    Feature record: CXX_FEATURE:1cxx_nonstatic_member_init
    Feature record: CXX_FEATURE:1cxx_nullptr
    Feature record: CXX_FEATURE:1cxx_override
    Feature record: CXX_FEATURE:1cxx_range_for
    Feature record: CXX_FEATURE:1cxx_raw_string_literals
    Feature record: CXX_FEATURE:1cxx_reference_qualified_functions
    Feature record: CXX_FEATURE:1cxx_relaxed_constexpr
    Feature record: CXX_FEATURE:1cxx_return_type_deduction
    Feature record: CXX_FEATURE:1cxx_right_angle_brackets
    Feature record: CXX_FEATURE:1cxx_rvalue_references
    Feature record: CXX_FEATURE:1cxx_sizeof_member
    Feature record: CXX_FEATURE:1cxx_static_assert
    Feature record: CXX_FEATURE:1cxx_strong_enums
    Feature record: CXX_FEATURE:1cxx_template_template_parameters
    Feature record: CXX_FEATURE:1cxx_thread_local
    Feature record: CXX_FEATURE:1cxx_trailing_return_types
    Feature record: CXX_FEATURE:1cxx_unicode_literals
    Feature record: CXX_FEATURE:1cxx_uniform_initialization
    Feature record: CXX_FEATURE:1cxx_unrestricted_unions
    Feature record: CXX_FEATURE:1cxx_user_literals
    Feature record: CXX_FEATURE:1cxx_variable_templates
    Feature record: CXX_FEATURE:1cxx_variadic_macros
    Feature record: CXX_FEATURE:1cxx_variadic_templates


Detecting CXX [-std=c++11] compiler features compiled with the following output:
Change Dir: /Users/stevenbaer/dev/github/mcneel/rhino3dm/src/build/py27_64bit/CMakeFiles/CMakeTmp

Run Build Command:"/usr/bin/make" "cmTC_14545/fast"
/Library/Developer/CommandLineTools/usr/bin/make -f CMakeFiles/cmTC_14545.dir/build.make CMakeFiles/cmTC_14545.dir/build
Building CXX object CMakeFiles/cmTC_14545.dir/feature_tests.cxx.o
/Library/Developer/CommandLineTools/usr/bin/c++    -std=c++11 -o CMakeFiles/cmTC_14545.dir/feature_tests.cxx.o -c /Users/stevenbaer/dev/github/mcneel/rhino3dm/src/build/py27_64bit/CMakeFiles/feature_tests.cxx
Linking CXX executable cmTC_14545
/usr/local/Cellar/cmake/3.12.2/bin/cmake -E cmake_link_script CMakeFiles/cmTC_14545.dir/link.txt --verbose=1
/Library/Developer/CommandLineTools/usr/bin/c++    -Wl,-search_paths_first -Wl,-headerpad_max_install_names   CMakeFiles/cmTC_14545.dir/feature_tests.cxx.o  -o cmTC_14545 


    Feature record: CXX_FEATURE:0cxx_aggregate_default_initializers
    Feature record: CXX_FEATURE:1cxx_alias_templates
    Feature record: CXX_FEATURE:1cxx_alignas
    Feature record: CXX_FEATURE:1cxx_alignof
    Feature record: CXX_FEATURE:1cxx_attributes
    Feature record: CXX_FEATURE:0cxx_attribute_deprecated
    Feature record: CXX_FEATURE:1cxx_auto_type
    Feature record: CXX_FEATURE:0cxx_binary_literals
    Feature record: CXX_FEATURE:1cxx_constexpr
    Feature record: CXX_FEATURE:0cxx_contextual_conversions
    Feature record: CXX_FEATURE:1cxx_decltype
    Feature record: CXX_FEATURE:0cxx_decltype_auto
    Feature record: CXX_FEATURE:1cxx_decltype_incomplete_return_types
    Feature record: CXX_FEATURE:1cxx_default_function_template_args
    Feature record: CXX_FEATURE:1cxx_defaulted_functions
    Feature record: CXX_FEATURE:1cxx_defaulted_move_initializers
    Feature record: CXX_FEATURE:1cxx_delegating_constructors
    Feature record: CXX_FEATURE:1cxx_deleted_functions
    Feature record: CXX_FEATURE:0cxx_digit_separators
    Feature record: CXX_FEATURE:1cxx_enum_forward_declarations
    Feature record: CXX_FEATURE:1cxx_explicit_conversions
    Feature record: CXX_FEATURE:1cxx_extended_friend_declarations
    Feature record: CXX_FEATURE:1cxx_extern_templates
    Feature record: CXX_FEATURE:1cxx_final
    Feature record: CXX_FEATURE:1cxx_func_identifier
    Feature record: CXX_FEATURE:1cxx_generalized_initializers
    Feature record: CXX_FEATURE:0cxx_generic_lambdas
    Feature record: CXX_FEATURE:1cxx_inheriting_constructors
    Feature record: CXX_FEATURE:1cxx_inline_namespaces
    Feature record: CXX_FEATURE:1cxx_lambdas
    Feature record: CXX_FEATURE:0cxx_lambda_init_captures
    Feature record: CXX_FEATURE:1cxx_local_type_template_args
    Feature record: CXX_FEATURE:1cxx_long_long_type
    Feature record: CXX_FEATURE:1cxx_noexcept
    Feature record: CXX_FEATURE:1cxx_nonstatic_member_init
    Feature record: CXX_FEATURE:1cxx_nullptr
    Feature record: CXX_FEATURE:1cxx_override
    Feature record: CXX_FEATURE:1cxx_range_for
    Feature record: CXX_FEATURE:1cxx_raw_string_literals
    Feature record: CXX_FEATURE:1cxx_reference_qualified_functions
    Feature record: CXX_FEATURE:0cxx_relaxed_constexpr
    Feature record: CXX_FEATURE:0cxx_return_type_deduction
    Feature record: CXX_FEATURE:1cxx_right_angle_brackets
    Feature record: CXX_FEATURE:1cxx_rvalue_references
    Feature record: CXX_FEATURE:1cxx_sizeof_member
    Feature record: CXX_FEATURE:1cxx_static_assert
    Feature record: CXX_FEATURE:1cxx_strong_enums
    Feature record: CXX_FEATURE:1cxx_template_template_parameters
    Feature record: CXX_FEATURE:1cxx_thread_local
    Feature record: CXX_FEATURE:1cxx_trailing_return_types
    Feature record: CXX_FEATURE:1cxx_unicode_literals
    Feature record: CXX_FEATURE:1cxx_uniform_initialization
    Feature record: CXX_FEATURE:1cxx_unrestricted_unions
    Feature record: CXX_FEATURE:1cxx_user_literals
    Feature record: CXX_FEATURE:0cxx_variable_templates
    Feature record: CXX_FEATURE:1cxx_variadic_macros
    Feature record: CXX_FEATURE:1cxx_variadic_templates


Detecting CXX [-std=c++98] compiler features compiled with the following output:
Change Dir: /Users/stevenbaer/dev/github/mcneel/rhino3dm/src/build/py27_64bit/CMakeFiles/CMakeTmp

Run Build Command:"/usr/bin/make" "cmTC_ccd6c/fast"
/Library/Developer/CommandLineTools/usr/bin/make -f CMakeFiles/cmTC_ccd6c.dir/build.make CMakeFiles/cmTC_ccd6c.dir/build
Building CXX object CMakeFiles/cmTC_ccd6c.dir/feature_tests.cxx.o
/Library/Developer/CommandLineTools/usr/bin/c++    -std=c++98 -o CMakeFiles/cmTC_ccd6c.dir/feature_tests.cxx.o -c /Users/stevenbaer/dev/github/mcneel/rhino3dm/src/build/py27_64bit/CMakeFiles/feature_tests.cxx
Linking CXX executable cmTC_ccd6c
/usr/local/Cellar/cmake/3.12.2/bin/cmake -E cmake_link_script CMakeFiles/cmTC_ccd6c.dir/link.txt --verbose=1
/Library/Developer/CommandLineTools/usr/bin/c++    -Wl,-search_paths_first -Wl,-headerpad_max_install_names   CMakeFiles/cmTC_ccd6c.dir/feature_tests.cxx.o  -o cmTC_ccd6c 


    Feature record: CXX_FEATURE:0cxx_aggregate_default_initializers
    Feature record: CXX_FEATURE:0cxx_alias_templates
    Feature record: CXX_FEATURE:0cxx_alignas
    Feature record: CXX_FEATURE:0cxx_alignof
    Feature record: CXX_FEATURE:0cxx_attributes
    Feature record: CXX_FEATURE:0cxx_attribute_deprecated
    Feature record: CXX_FEATURE:0cxx_auto_type
    Feature record: CXX_FEATURE:0cxx_binary_literals
    Feature record: CXX_FEATURE:0cxx_constexpr
    Feature record: CXX_FEATURE:0cxx_contextual_conversions
    Feature record: CXX_FEATURE:0cxx_decltype
    Feature record: CXX_FEATURE:0cxx_decltype_auto
    Feature record: CXX_FEATURE:0cxx_decltype_incomplete_return_types
    Feature record: CXX_FEATURE:0cxx_default_function_template_args
    Feature record: CXX_FEATURE:0cxx_defaulted_functions
    Feature record: CXX_FEATURE:0cxx_defaulted_move_initializers
    Feature record: CXX_FEATURE:0cxx_delegating_constructors
    Feature record: CXX_FEATURE:0cxx_deleted_functions
    Feature record: CXX_FEATURE:0cxx_digit_separators
    Feature record: CXX_FEATURE:0cxx_enum_forward_declarations
    Feature record: CXX_FEATURE:0cxx_explicit_conversions
    Feature record: CXX_FEATURE:0cxx_extended_friend_declarations
    Feature record: CXX_FEATURE:0cxx_extern_templates
    Feature record: CXX_FEATURE:0cxx_final
    Feature record: CXX_FEATURE:0cxx_func_identifier
    Feature record: CXX_FEATURE:0cxx_generalized_initializers
    Feature record: CXX_FEATURE:0cxx_generic_lambdas
    Feature record: CXX_FEATURE:0cxx_inheriting_constructors
    Feature record: CXX_FEATURE:0cxx_inline_namespaces
    Feature record: CXX_FEATURE:0cxx_lambdas
    Feature record: CXX_FEATURE:0cxx_lambda_init_captures
    Feature record: CXX_FEATURE:0cxx_local_type_template_args
    Feature record: CXX_FEATURE:0cxx_long_long_type
    Feature record: CXX_FEATURE:0cxx_noexcept
    Feature record: CXX_FEATURE:0cxx_nonstatic_member_init
    Feature record: CXX_FEATURE:0cxx_nullptr
    Feature record: CXX_FEATURE:0cxx_override
    Feature record: CXX_FEATURE:0cxx_range_for
    Feature record: CXX_FEATURE:0cxx_raw_string_literals
    Feature record: CXX_FEATURE:0cxx_reference_qualified_functions
    Feature record: CXX_FEATURE:0cxx_relaxed_constexpr
    Feature record: CXX_FEATURE:0cxx_return_type_deduction
    Feature record: CXX_FEATURE:0cxx_right_angle_brackets
    Feature record: CXX_FEATURE:0cxx_rvalue_references
    Feature record: CXX_FEATURE:0cxx_sizeof_member
    Feature record: CXX_FEATURE:0cxx_static_assert
    Feature record: CXX_FEATURE:0cxx_strong_enums
    Feature record: CXX_FEATURE:1cxx_template_template_parameters
    Feature record: CXX_FEATURE:0cxx_thread_local
    Feature record: CXX_FEATURE:0cxx_trailing_return_types
    Feature record: CXX_FEATURE:0cxx_unicode_literals
    Feature record: CXX_FEATURE:0cxx_uniform_initialization
    Feature record: CXX_FEATURE:0cxx_unrestricted_unions
    Feature record: CXX_FEATURE:0cxx_user_literals
    Feature record: CXX_FEATURE:0cxx_variable_templates
    Feature record: CXX_FEATURE:0cxx_variadic_macros
    Feature record: CXX_FEATURE:0cxx_variadic_templates
Performing C++ SOURCE FILE Test HAS_CPP14_FLAG succeeded with the following output:
Change Dir: /Users/stevenbaer/dev/github/mcneel/rhino3dm/src/build/py27_64bit/CMakeFiles/CMakeTmp

Run Build Command:"/usr/bin/make" "cmTC_e6cce/fast"
/Library/Developer/CommandLineTools/usr/bin/make -f CMakeFiles/cmTC_e6cce.dir/build.make CMakeFiles/cmTC_e6cce.dir/build
Building CXX object CMakeFiles/cmTC_e6cce.dir/src.cxx.o
/Library/Developer/CommandLineTools/usr/bin/c++    -DHAS_CPP14_FLAG   -std=c++14 -o CMakeFiles/cmTC_e6cce.dir/src.cxx.o -c /Users/stevenbaer/dev/github/mcneel/rhino3dm/src/build/py27_64bit/CMakeFiles/CMakeTmp/src.cxx
Linking CXX executable cmTC_e6cce
/usr/local/Cellar/cmake/3.12.2/bin/cmake -E cmake_link_script CMakeFiles/cmTC_e6cce.dir/link.txt --verbose=1
/Library/Developer/CommandLineTools/usr/bin/c++   -DHAS_CPP14_FLAG -Wl,-search_paths_first -Wl,-headerpad_max_install_names   CMakeFiles/cmTC_e6cce.dir/src.cxx.o  -o cmTC_e6cce 

Source file was:
int main() { return 0; }
Performing C++ SOURCE FILE Test HAS_FLTO succeeded with the following output:
Change Dir: /Users/stevenbaer/dev/github/mcneel/rhino3dm/src/build/py27_64bit/CMakeFiles/CMakeTmp

Run Build Command:"/usr/bin/make" "cmTC_e4c35/fast"
/Library/Developer/CommandLineTools/usr/bin/make -f CMakeFiles/cmTC_e4c35.dir/build.make CMakeFiles/cmTC_e4c35.dir/build
Building CXX object CMakeFiles/cmTC_e4c35.dir/src.cxx.o
/Library/Developer/CommandLineTools/usr/bin/c++    -DHAS_FLTO   -flto -o CMakeFiles/cmTC_e4c35.dir/src.cxx.o -c /Users/stevenbaer/dev/github/mcneel/rhino3dm/src/build/py27_64bit/CMakeFiles/CMakeTmp/src.cxx
Linking CXX executable cmTC_e4c35
/usr/local/Cellar/cmake/3.12.2/bin/cmake -E cmake_link_script CMakeFiles/cmTC_e4c35.dir/link.txt --verbose=1
/Library/Developer/CommandLineTools/usr/bin/c++   -DHAS_FLTO -Wl,-search_paths_first -Wl,-headerpad_max_install_names   CMakeFiles/cmTC_e4c35.dir/src.cxx.o  -o cmTC_e4c35 -flto 

Source file was:
int main() { return 0; }
